
Automatic commit Wed Nov 16 13:45:35 2022
Automatic commit Wed Nov 16 13:53:05 2022
Automatic commit Thu Nov 17 07:46:19 2022
Automatic commit Thu Nov 17 07:50:28 2022
Automatic commit Thu Nov 17 07:55:07 2022
Automatic commit Thu Nov 17 08:02:24 2022
Automatic commit Thu Nov 17 15:33:31 2022
Automatic commit Fri Nov 18 13:32:11 2022
Automatic commit Sat Nov 19 13:32:11 2022
Automatic commit Sun Nov 20 13:32:10 2022
Automatic commit Mon Nov 21 13:32:13 2022
Automatic commit Tue Nov 22 13:32:13 2022
Automatic commit Wed Nov 23 13:32:11 2022
Automatic commit Thu Nov 24 13:32:11 2022
Automatic commit Fri Nov 25 13:32:11 2022
Automatic commit Sat Nov 26 13:32:10 2022
Automatic commit Sun Nov 27 13:32:10 2022
Automatic commit Mon Nov 28 13:32:13 2022
Automatic commit Tue Nov 29 13:32:11 2022
Automatic commit Wed Nov 30 13:32:12 2022
Automatic commit Thu Dec  1 13:32:12 2022
Automatic commit Fri Dec  2 13:32:11 2022
Automatic commit Sat Dec  3 12:19:10 2022
Automatic commit Sun Dec  4 12:19:10 2022
Automatic commit Mon Dec  5 12:19:11 2022
Automatic commit Tue Dec  6 12:19:11 2022
Automatic commit Wed Dec  7 12:19:11 2022
Automatic commit Thu Dec  8 12:19:11 2022
Automatic commit Fri Dec  9 12:19:11 2022
Automatic commit Sat Dec 10 12:19:10 2022
Automatic commit Sun Dec 11 12:19:10 2022
Automatic commit Mon Dec 12 12:19:12 2022
Automatic commit Tue Dec 13 12:19:11 2022
Automatic commit Wed Dec 14 12:19:10 2022
Automatic commit Thu Dec 15 12:19:10 2022
Automatic commit Fri Dec 16 12:19:10 2022
Automatic commit Sat Dec 17 12:19:09 2022
Automatic commit Sun Dec 18 12:19:10 2022
Automatic commit Mon Dec 19 12:19:10 2022
Automatic commit Tue Dec 20 12:19:10 2022
Automatic commit Wed Dec 21 12:19:11 2022
Automatic commit Thu Dec 22 12:19:11 2022
Automatic commit Thu Dec 22 16:36:15 2022
Automatic commit Fri Dec 23 12:19:10 2022
Automatic commit Sat Dec 24 12:19:09 2022
Automatic commit Sun Dec 25 12:19:10 2022
Automatic commit Mon Dec 26 12:19:09 2022
Automatic commit Tue Dec 27 12:19:10 2022
Automatic commit Tue Dec 27 14:40:01 2022
Automatic commit Tue Dec 27 15:24:31 2022
Automatic commit Tue Dec 27 15:36:47 2022
Automatic commit Tue Dec 27 15:44:19 2022
Automatic commit Wed Dec 28 12:19:10 2022
Automatic commit Wed Dec 28 10:43:24 2022
Automatic commit Wed Dec 28 11:00:52 2022
Automatic commit Wed Dec 28 17:24:30 2022
Automatic commit Wed Dec 28 17:27:59 2022
Automatic commit Wed Dec 28 17:35:03 2022
Automatic commit Thu Dec 29 12:19:10 2022
Automatic commit Fri Dec 30 12:19:10 2022
Automatic commit Sat Dec 31 12:19:10 2022
Automatic commit Sun Jan  1 12:19:09 2023
Automatic commit Mon Jan  2 12:19:10 2023
Automatic commit Mon Jan  2 17:35:02 2023
Automatic commit Tue Jan  3 12:19:10 2023
Automatic commit Tue Jan  3 15:25:55 2023
Automatic commit Wed Jan  4 12:19:10 2023
Automatic commit Thu Jan  5 12:19:11 2023
Automatic commit Fri Jan  6 12:19:11 2023
Automatic commit Sat Jan  7 12:19:10 2023
Automatic commit Sun Jan  8 12:19:10 2023
Automatic commit Mon Jan  9 12:19:12 2023
Automatic commit Mon Jan  9 17:35:03 2023
Automatic commit Tue Jan 10 12:19:13 2023